<?xml version="1.0" encoding="UTF-8"?>
<testng-results ignored="0" total="4" passed="4" failed="0" skipped="0">
  <reporter-output>
  </reporter-output>
  <suite started-at="2021-07-26T21:10:14 IST" name="Default suite" finished-at="2021-07-26T21:13:09 IST" duration-ms="174710">
    <groups>
      <group name="smoke">
        <method signature="Testing.openingCorporatePage()[pri:9, instance:Testclass.Testing@68999068]" name="openingCorporatePage" class="Testclass.Testing"/>
        <method signature="Testing.validateName()[pri:10, instance:Testclass.Testing@68999068]" name="validateName" class="Testclass.Testing"/>
        <method signature="Testing.validatingPhoneNumber()[pri:12, instance:Testclass.Testing@68999068]" name="validatingPhoneNumber" class="Testclass.Testing"/>
        <method signature="Testing.validatingWrongEmail()[pri:11, instance:Testclass.Testing@68999068]" name="validatingWrongEmail" class="Testclass.Testing"/>
      </group> <!-- smoke -->
    </groups>
    <test started-at="2021-07-26T21:10:14 IST" name="Default test" finished-at="2021-07-26T21:13:09 IST" duration-ms="174710">
      <class name="Testclass.Testing">
        <test-method is-config="true" signature="startReport()[pri:0, instance:Testclass.Testing@68999068]" started-at="2021-07-26T21:10:14 IST" name="startReport" finished-at="2021-07-26T21:10:15 IST" duration-ms="261" status="PASS">
          <reporter-output>
          </reporter-output>
        </test-method> <!-- startReport -->
        <test-method signature="openingCorporatePage()[pri:9, instance:Testclass.Testing@68999068]" started-at="2021-07-26T21:10:15 IST" name="openingCorporatePage" finished-at="2021-07-26T21:10:50 IST" duration-ms="34954" status="PASS">
          <reporter-output>
          </reporter-output>
        </test-method> <!-- openingCorporatePage -->
        <test-method is-config="true" signature="getResult(org.testng.ITestResult)[pri:0, instance:Testclass.Testing@68999068]" started-at="2021-07-26T21:10:50 IST" name="getResult" finished-at="2021-07-26T21:10:50 IST" duration-ms="8" status="PASS">
          <params>
            <param index="0">
              <value>
                <![CDATA[[TestResult name=openingCorporatePage status=SUCCESS method=Testing.openingCorporatePage()[pri:9, instance:Testclass.Testing@68999068] output={null}]]]>
              </value>
            </param>
          </params>
          <reporter-output>
          </reporter-output>
        </test-method> <!-- getResult -->
        <test-method signature="validateName()[pri:10, instance:Testclass.Testing@68999068]" started-at="2021-07-26T21:10:50 IST" name="validateName" finished-at="2021-07-26T21:11:18 IST" duration-ms="28250" status="PASS">
          <reporter-output>
          </reporter-output>
        </test-method> <!-- validateName -->
        <test-method is-config="true" signature="getResult(org.testng.ITestResult)[pri:0, instance:Testclass.Testing@68999068]" started-at="2021-07-26T21:11:18 IST" name="getResult" finished-at="2021-07-26T21:11:18 IST" duration-ms="1" status="PASS">
          <params>
            <param index="0">
              <value>
                <![CDATA[[TestResult name=validateName status=SUCCESS method=Testing.validateName()[pri:10, instance:Testclass.Testing@68999068] output={null}]]]>
              </value>
            </param>
          </params>
          <reporter-output>
          </reporter-output>
        </test-method> <!-- getResult -->
        <test-method signature="validatingWrongEmail()[pri:11, instance:Testclass.Testing@68999068]" started-at="2021-07-26T21:11:18 IST" name="validatingWrongEmail" finished-at="2021-07-26T21:12:55 IST" duration-ms="96917" status="PASS">
          <reporter-output>
          </reporter-output>
        </test-method> <!-- validatingWrongEmail -->
        <test-method is-config="true" signature="getResult(org.testng.ITestResult)[pri:0, instance:Testclass.Testing@68999068]" started-at="2021-07-26T21:12:55 IST" name="getResult" finished-at="2021-07-26T21:12:55 IST" duration-ms="1" status="PASS">
          <params>
            <param index="0">
              <value>
                <![CDATA[[TestResult name=validatingWrongEmail status=SUCCESS method=Testing.validatingWrongEmail()[pri:11, instance:Testclass.Testing@68999068] output={null}]]]>
              </value>
            </param>
          </params>
          <reporter-output>
          </reporter-output>
        </test-method> <!-- getResult -->
        <test-method signature="validatingPhoneNumber()[pri:12, instance:Testclass.Testing@68999068]" started-at="2021-07-26T21:12:55 IST" name="validatingPhoneNumber" finished-at="2021-07-26T21:13:08 IST" duration-ms="13134" status="PASS">
          <reporter-output>
          </reporter-output>
        </test-method> <!-- validatingPhoneNumber -->
        <test-method is-config="true" signature="getResult(org.testng.ITestResult)[pri:0, instance:Testclass.Testing@68999068]" started-at="2021-07-26T21:13:08 IST" name="getResult" finished-at="2021-07-26T21:13:08 IST" duration-ms="0" status="PASS">
          <params>
            <param index="0">
              <value>
                <![CDATA[[TestResult name=validatingPhoneNumber status=SUCCESS method=Testing.validatingPhoneNumber()[pri:12, instance:Testclass.Testing@68999068] output={null}]]]>
              </value>
            </param>
          </params>
          <reporter-output>
          </reporter-output>
        </test-method> <!-- getResult -->
        <test-method is-config="true" signature="closeBrowser()[pri:0, instance:Testclass.Testing@68999068]" started-at="2021-07-26T21:13:08 IST" name="closeBrowser" finished-at="2021-07-26T21:13:09 IST" duration-ms="741" status="PASS">
          <reporter-output>
          </reporter-output>
        </test-method> <!-- closeBrowser -->
        <test-method is-config="true" signature="endReport()[pri:0, instance:Testclass.Testing@68999068]" started-at="2021-07-26T21:13:09 IST" name="endReport" finished-at="2021-07-26T21:13:09 IST" duration-ms="375" status="PASS">
          <reporter-output>
          </reporter-output>
        </test-method> <!-- endReport -->
      </class> <!-- Testclass.Testing -->
    </test> <!-- Default test -->
  </suite> <!-- Default suite -->
</testng-results>
