<?xml version="1.0" encoding="UTF-8"?>
<!-- Generated by org.testng.reporters.JUnitXMLReporter -->
<testsuite ignored="0" hostname="MrR" failures="0" tests="4" name="Default test" time="174.71" errors="0" timestamp="2021-07-26T21:13:09 IST">
  <testcase classname="Testclass.Testing" name="openingCorporatePage" time="34.954"/>
  <testcase classname="Testclass.Testing" name="validateName" time="28.25"/>
  <testcase classname="Testclass.Testing" name="validatingWrongEmail" time="96.917"/>
  <testcase classname="Testclass.Testing" name="validatingPhoneNumber" time="13.134"/>
</testsuite> <!-- Default test -->
